EasyLearn/app/build/intermediates/manifest_merge_blame_file/debug/manifest-merger-blame-debug-report.txt
1<?xml version="1.0" encoding="utf-8"?>
2<manifest xmlns:android="http://schemas.android.com/apk/res/android"
3    package="com.example.easylearn"
4    android:versionCode="1"
5    android:versionName="1.0" >
6
7    <uses-sdk
8        android:minSdkVersion="29"
9        android:targetSdkVersion="34" />
10
11    <uses-permission android:name="android.permission.INTERNET" />
11-->src\main\AndroidManifest.xml:5:5-67
11-->src\main\AndroidManifest.xml:5:22-64
12    <uses-permission android:name="android.permission.ACCESS_NETWORK_STATE" />
12-->[com.google.firebase:firebase-auth:22.3.1] AndroidManifest.xml:26:5-79
12-->[com.google.firebase:firebase-auth:22.3.1] AndroidManifest.xml:26:22-76
13    <uses-permission android:name="android.permission.WAKE_LOCK" />
13-->[com.google.android.gms:play-services-measurement-api:21.5.0] AndroidManifest.xml:24:5-68
13-->[com.google.android.gms:play-services-measurement-api:21.5.0] AndroidManifest.xml:24:22-65
14    <uses-permission android:name="com.google.android.gms.permission.AD_ID" />
14-->[com.google.android.gms:play-services-measurement-api:21.5.0] AndroidManifest.xml:25:5-79
14-->[com.google.android.gms:play-services-measurement-api:21.5.0] AndroidManifest.xml:25:22-76
15    <uses-permission android:name="android.permission.ACCESS_ADSERVICES_ATTRIBUTION" />
15-->[com.google.android.gms:play-services-measurement-api:21.5.0] AndroidManifest.xml:26:5-88
15-->[com.google.android.gms:play-services-measurement-api:21.5.0] AndroidManifest.xml:26:22-85
16    <uses-permission android:name="android.permission.ACCESS_ADSERVICES_AD_ID" />
16-->[com.google.android.gms:play-services-measurement-api:21.5.0] AndroidManifest.xml:27:5-82
16-->[com.google.android.gms:play-services-measurement-api:21.5.0] AndroidManifest.xml:27:22-79
17    <uses-permission android:name="com.google.android.providers.gsf.permission.READ_GSERVICES" />
17-->[com.google.android.recaptcha:recaptcha:18.4.0] AndroidManifest.xml:9:5-98
17-->[com.google.android.recaptcha:recaptcha:18.4.0] AndroidManifest.xml:9:22-95
18    <uses-permission android:name="com.google.android.finsky.permission.BIND_GET_INSTALL_REFERRER_SERVICE" />
18-->[com.google.android.gms:play-services-measurement:21.5.0] AndroidManifest.xml:26:5-110
18-->[com.google.android.gms:play-services-measurement:21.5.0] AndroidManifest.xml:26:22-107
19
20    <permission
20-->[androidx.core:core:1.9.0] AndroidManifest.xml:22:5-24:47
21        android:name="com.example.easylearn.DYNAMIC_RECEIVER_NOT_EXPORTED_PERMISSION"
21-->[androidx.core:core:1.9.0] AndroidManifest.xml:23:9-81
22        android:protectionLevel="signature" />
22-->[androidx.core:core:1.9.0] AndroidManifest.xml:24:9-44
23
24    <uses-permission android:name="com.example.easylearn.DYNAMIC_RECEIVER_NOT_EXPORTED_PERMISSION" />
24-->[androidx.core:core:1.9.0] AndroidManifest.xml:26:5-97
24-->[androidx.core:core:1.9.0] AndroidManifest.xml:26:22-94
25
26    <application
26-->src\main\AndroidManifest.xml:7:5-48:19
27        android:allowBackup="true"
27-->src\main\AndroidManifest.xml:8:9-35
28        android:appComponentFactory="androidx.core.app.CoreComponentFactory"
28-->[androidx.core:core:1.9.0] AndroidManifest.xml:28:18-86
29        android:dataExtractionRules="@xml/data_extraction_rules"
29-->src\main\AndroidManifest.xml:9:9-65
30        android:debuggable="true"
31        android:extractNativeLibs="false"
32        android:fullBackupContent="@xml/backup_rules"
32-->src\main\AndroidManifest.xml:10:9-54
33        android:icon="@mipmap/ic_launcher_logo"
33-->src\main\AndroidManifest.xml:11:9-48
34        android:label="@string/app_name"
34-->src\main\AndroidManifest.xml:12:9-41
35        android:roundIcon="@mipmap/ic_launcher_logo_foreground"
35-->src\main\AndroidManifest.xml:13:9-64
36        android:supportsRtl="true"
36-->src\main\AndroidManifest.xml:14:9-35
37        android:testOnly="true"
38        android:theme="@style/Theme.EasyLearn" >
38-->src\main\AndroidManifest.xml:15:9-47
39        <activity
39-->src\main\AndroidManifest.xml:17:9-19:40
40            android:name="com.example.easylearn.AiScreen"
40-->src\main\AndroidManifest.xml:18:13-37
41            android:exported="false" />
41-->src\main\AndroidManifest.xml:19:13-37
42        <activity
42-->src\main\AndroidManifest.xml:20:9-22:40
43            android:name="com.example.easylearn.test"
43-->src\main\AndroidManifest.xml:21:13-33
44            android:exported="false" />
44-->src\main\AndroidManifest.xml:22:13-37
45        <activity
45-->src\main\AndroidManifest.xml:23:9-25:40
46            android:name="com.example.easylearn.MainActivity"
46-->src\main\AndroidManifest.xml:24:13-41
47            android:exported="false" />
47-->src\main\AndroidManifest.xml:25:13-37
48        <activity
48-->src\main\AndroidManifest.xml:26:9-28:40
49            android:name="com.example.easylearn.LogScreen"
49-->src\main\AndroidManifest.xml:27:13-38
50            android:exported="false" />
50-->src\main\AndroidManifest.xml:28:13-37
51        <activity
51-->src\main\AndroidManifest.xml:29:9-31:40
52            android:name="com.example.easylearn.RegScreen"
52-->src\main\AndroidManifest.xml:30:13-38
53            android:exported="false" />
53-->src\main\AndroidManifest.xml:31:13-37
54        <activity
54-->src\main\AndroidManifest.xml:32:9-34:40
55            android:name="com.example.easylearn.LogRegScreen"
55-->src\main\AndroidManifest.xml:33:13-41
56            android:exported="false" />
56-->src\main\AndroidManifest.xml:34:13-37
57        <activity
57-->src\main\AndroidManifest.xml:35:9-43:20
58            android:name="com.example.easylearn.SplashScreen"
58-->src\main\AndroidManifest.xml:36:13-41
59            android:exported="true" >
59-->src\main\AndroidManifest.xml:37:13-36
60            <intent-filter>
60-->src\main\AndroidManifest.xml:38:13-42:29
61                <action android:name="android.intent.action.MAIN" />
61-->src\main\AndroidManifest.xml:39:17-69
61-->src\main\AndroidManifest.xml:39:25-66
62
63                <category android:name="android.intent.category.LAUNCHER" />
63-->src\main\AndroidManifest.xml:41:17-77
63-->src\main\AndroidManifest.xml:41:27-74
64            </intent-filter>
65        </activity>
66
67        <meta-data
67-->src\main\AndroidManifest.xml:45:9-47:57
68            android:name="preloaded_fonts"
68-->src\main\AndroidManifest.xml:46:13-43
69            android:resource="@array/preloaded_fonts" />
69-->src\main\AndroidManifest.xml:47:13-54
70
71        <activity
71-->[com.google.firebase:firebase-auth:22.3.1] AndroidManifest.xml:29:9-46:20
72            android:name="com.google.firebase.auth.internal.GenericIdpActivity"
72-->[com.google.firebase:firebase-auth:22.3.1] AndroidManifest.xml:30:13-80
73            android:excludeFromRecents="true"
73-->[com.google.firebase:firebase-auth:22.3.1] AndroidManifest.xml:31:13-46
74            android:exported="true"
74-->[com.google.firebase:firebase-auth:22.3.1] AndroidManifest.xml:32:13-36
75            android:launchMode="singleTask"
75-->[com.google.firebase:firebase-auth:22.3.1] AndroidManifest.xml:33:13-44
76            android:theme="@android:style/Theme.Translucent.NoTitleBar" >
76-->[com.google.firebase:firebase-auth:22.3.1] AndroidManifest.xml:34:13-72
77            <intent-filter>
77-->[com.google.firebase:firebase-auth:22.3.1] AndroidManifest.xml:35:13-45:29
78                <action android:name="android.intent.action.VIEW" />
78-->[com.google.firebase:firebase-auth:22.3.1] AndroidManifest.xml:36:17-69
78-->[com.google.firebase:firebase-auth:22.3.1] AndroidManifest.xml:36:25-66
79
80                <category android:name="android.intent.category.DEFAULT" />
80-->[com.google.firebase:firebase-auth:22.3.1] AndroidManifest.xml:38:17-76
80-->[com.google.firebase:firebase-auth:22.3.1] AndroidManifest.xml:38:27-73
81                <category android:name="android.intent.category.BROWSABLE" />
81-->[com.google.firebase:firebase-auth:22.3.1] AndroidManifest.xml:39:17-78
81-->[com.google.firebase:firebase-auth:22.3.1] AndroidManifest.xml:39:27-75
82
83                <data
83-->[com.google.firebase:firebase-auth:22.3.1] AndroidManifest.xml:41:17-44:51
84                    android:host="firebase.auth"
84-->[com.google.firebase:firebase-auth:22.3.1] AndroidManifest.xml:42:21-49
85                    android:path="/"
85-->[com.google.firebase:firebase-auth:22.3.1] AndroidManifest.xml:43:21-37
86                    android:scheme="genericidp" />
86-->[com.google.firebase:firebase-auth:22.3.1] AndroidManifest.xml:44:21-48
87            </intent-filter>
88        </activity>
89        <activity
89-->[com.google.firebase:firebase-auth:22.3.1] AndroidManifest.xml:47:9-64:20
90            android:name="com.google.firebase.auth.internal.RecaptchaActivity"
90-->[com.google.firebase:firebase-auth:22.3.1] AndroidManifest.xml:48:13-79
91            android:excludeFromRecents="true"
91-->[com.google.firebase:firebase-auth:22.3.1] AndroidManifest.xml:49:13-46
92            android:exported="true"
92-->[com.google.firebase:firebase-auth:22.3.1] AndroidManifest.xml:50:13-36
93            android:launchMode="singleTask"
93-->[com.google.firebase:firebase-auth:22.3.1] AndroidManifest.xml:51:13-44
94            android:theme="@android:style/Theme.Translucent.NoTitleBar" >
94-->[com.google.firebase:firebase-auth:22.3.1] AndroidManifest.xml:52:13-72
95            <intent-filter>
95-->[com.google.firebase:firebase-auth:22.3.1] AndroidManifest.xml:53:13-63:29
96                <action android:name="android.intent.action.VIEW" />
96-->[com.google.firebase:firebase-auth:22.3.1] AndroidManifest.xml:36:17-69
96-->[com.google.firebase:firebase-auth:22.3.1] AndroidManifest.xml:36:25-66
97
98                <category android:name="android.intent.category.DEFAULT" />
98-->[com.google.firebase:firebase-auth:22.3.1] AndroidManifest.xml:38:17-76
98-->[com.google.firebase:firebase-auth:22.3.1] AndroidManifest.xml:38:27-73
99                <category android:name="android.intent.category.BROWSABLE" />
99-->[com.google.firebase:firebase-auth:22.3.1] AndroidManifest.xml:39:17-78
99-->[com.google.firebase:firebase-auth:22.3.1] AndroidManifest.xml:39:27-75
100
101                <data
101-->[com.google.firebase:firebase-auth:22.3.1] AndroidManifest.xml:41:17-44:51
102                    android:host="firebase.auth"
102-->[com.google.firebase:firebase-auth:22.3.1] AndroidManifest.xml:42:21-49
103                    android:path="/"
103-->[com.google.firebase:firebase-auth:22.3.1] AndroidManifest.xml:43:21-37
104                    android:scheme="recaptcha" />
104-->[com.google.firebase:firebase-auth:22.3.1] AndroidManifest.xml:44:21-48
105            </intent-filter>
106        </activity>
107
108        <service
108-->[com.google.firebase:firebase-auth:22.3.1] AndroidManifest.xml:66:9-72:19
109            android:name="com.google.firebase.components.ComponentDiscoveryService"
109-->[com.google.firebase:firebase-auth:22.3.1] AndroidManifest.xml:67:13-84
110            android:directBootAware="true"
110-->[com.google.firebase:firebase-common:20.4.2] AndroidManifest.xml:32:13-43
111            android:exported="false" >
111-->[com.google.firebase:firebase-auth:22.3.1] AndroidManifest.xml:68:13-37
112            <meta-data
112-->[com.google.firebase:firebase-auth:22.3.1] AndroidManifest.xml:69:13-71:85
113                android:name="com.google.firebase.components:com.google.firebase.auth.FirebaseAuthRegistrar"
113-->[com.google.firebase:firebase-auth:22.3.1] AndroidManifest.xml:70:17-109
114                android:value="com.google.firebase.components.ComponentRegistrar" />
114-->[com.google.firebase:firebase-auth:22.3.1] AndroidManifest.xml:71:17-82
115            <meta-data
115-->[com.google.firebase:firebase-database:20.3.0] AndroidManifest.xml:29:13-31:85
116                android:name="com.google.firebase.components:com.google.firebase.database.FirebaseDatabaseKtxRegistrar"
116-->[com.google.firebase:firebase-database:20.3.0] AndroidManifest.xml:30:17-120
117                android:value="com.google.firebase.components.ComponentRegistrar" />
117-->[com.google.firebase:firebase-database:20.3.0] AndroidManifest.xml:31:17-82
118            <meta-data
118-->[com.google.firebase:firebase-database:20.3.0] AndroidManifest.xml:32:13-34:85
119                android:name="com.google.firebase.components:com.google.firebase.database.DatabaseRegistrar"
119-->[com.google.firebase:firebase-database:20.3.0] AndroidManifest.xml:33:17-109
120                android:value="com.google.firebase.components.ComponentRegistrar" />
120-->[com.google.firebase:firebase-database:20.3.0] AndroidManifest.xml:34:17-82
121            <meta-data
121-->[com.google.android.gms:play-services-measurement-api:21.5.0] AndroidManifest.xml:37:13-39:85
122                android:name="com.google.firebase.components:com.google.firebase.analytics.connector.internal.AnalyticsConnectorRegistrar"
122-->[com.google.android.gms:play-services-measurement-api:21.5.0] AndroidManifest.xml:38:17-139
123                android:value="com.google.firebase.components.ComponentRegistrar" />
123-->[com.google.android.gms:play-services-measurement-api:21.5.0] AndroidManifest.xml:39:17-82
124            <meta-data
124-->[com.google.firebase:firebase-installations:17.2.0] AndroidManifest.xml:15:13-17:85
125                android:name="com.google.firebase.components:com.google.firebase.installations.FirebaseInstallationsKtxRegistrar"
125-->[com.google.firebase:firebase-installations:17.2.0] AndroidManifest.xml:16:17-130
126                android:value="com.google.firebase.components.ComponentRegistrar" />
126-->[com.google.firebase:firebase-installations:17.2.0] AndroidManifest.xml:17:17-82
127            <meta-data
127-->[com.google.firebase:firebase-installations:17.2.0] AndroidManifest.xml:18:13-20:85
128                android:name="com.google.firebase.components:com.google.firebase.installations.FirebaseInstallationsRegistrar"
128-->[com.google.firebase:firebase-installations:17.2.0] AndroidManifest.xml:19:17-127
129                android:value="com.google.firebase.components.ComponentRegistrar" />
129-->[com.google.firebase:firebase-installations:17.2.0] AndroidManifest.xml:20:17-82
130            <meta-data
130-->[com.google.firebase:firebase-common-ktx:20.4.2] AndroidManifest.xml:12:13-14:85
131                android:name="com.google.firebase.components:com.google.firebase.ktx.FirebaseCommonLegacyRegistrar"
131-->[com.google.firebase:firebase-common-ktx:20.4.2] AndroidManifest.xml:13:17-116
132                android:value="com.google.firebase.components.ComponentRegistrar" />
132-->[com.google.firebase:firebase-common-ktx:20.4.2] AndroidManifest.xml:14:17-82
133            <meta-data
133-->[com.google.firebase:firebase-common:20.4.2] AndroidManifest.xml:35:13-37:85
134                android:name="com.google.firebase.components:com.google.firebase.FirebaseCommonKtxRegistrar"
134-->[com.google.firebase:firebase-common:20.4.2] AndroidManifest.xml:36:17-109
135                android:value="com.google.firebase.components.ComponentRegistrar" />
135-->[com.google.firebase:firebase-common:20.4.2] AndroidManifest.xml:37:17-82
136        </service>
137
138        <property
138-->[com.google.android.gms:play-services-measurement-api:21.5.0] AndroidManifest.xml:30:9-32:61
139            android:name="android.adservices.AD_SERVICES_CONFIG"
139-->[com.google.android.gms:play-services-measurement-api:21.5.0] AndroidManifest.xml:31:13-65
140            android:resource="@xml/ga_ad_services_config" />
140-->[com.google.android.gms:play-services-measurement-api:21.5.0] AndroidManifest.xml:32:13-58
141
142        <provider
142-->[com.google.firebase:firebase-common:20.4.2] AndroidManifest.xml:23:9-28:39
143            android:name="com.google.firebase.provider.FirebaseInitProvider"
143-->[com.google.firebase:firebase-common:20.4.2] AndroidManifest.xml:24:13-77
144            android:authorities="com.example.easylearn.firebaseinitprovider"
144-->[com.google.firebase:firebase-common:20.4.2] AndroidManifest.xml:25:13-72
145            android:directBootAware="true"
145-->[com.google.firebase:firebase-common:20.4.2] AndroidManifest.xml:26:13-43
146            android:exported="false"
146-->[com.google.firebase:firebase-common:20.4.2] AndroidManifest.xml:27:13-37
147            android:initOrder="100" />
147-->[com.google.firebase:firebase-common:20.4.2] AndroidManifest.xml:28:13-36
148        <provider
148-->[androidx.emoji2:emoji2:1.2.0] AndroidManifest.xml:24:9-32:20
149            android:name="androidx.startup.InitializationProvider"
149-->[androidx.emoji2:emoji2:1.2.0] AndroidManifest.xml:25:13-67
150            android:authorities="com.example.easylearn.androidx-startup"
150-->[androidx.emoji2:emoji2:1.2.0] AndroidManifest.xml:26:13-68
151            android:exported="false" >
151-->[androidx.emoji2:emoji2:1.2.0] AndroidManifest.xml:27:13-37
152            <meta-data
152-->[androidx.emoji2:emoji2:1.2.0] AndroidManifest.xml:29:13-31:52
153                android:name="androidx.emoji2.text.EmojiCompatInitializer"
153-->[androidx.emoji2:emoji2:1.2.0] AndroidManifest.xml:30:17-75
154                android:value="androidx.startup" />
154-->[androidx.emoji2:emoji2:1.2.0] AndroidManifest.xml:31:17-49
155            <meta-data
155-->[androidx.lifecycle:lifecycle-process:2.6.1] AndroidManifest.xml:29:13-31:52
156                android:name="androidx.lifecycle.ProcessLifecycleInitializer"
156-->[androidx.lifecycle:lifecycle-process:2.6.1] AndroidManifest.xml:30:17-78
157                android:value="androidx.startup" />
157-->[androidx.lifecycle:lifecycle-process:2.6.1] AndroidManifest.xml:31:17-49
158            <meta-data
158-->[androidx.profileinstaller:profileinstaller:1.3.0] AndroidManifest.xml:29:13-31:52
159                android:name="androidx.profileinstaller.ProfileInstallerInitializer"
159-->[androidx.profileinstaller:profileinstaller:1.3.0] AndroidManifest.xml:30:17-85
160                android:value="androidx.startup" />
160-->[androidx.profileinstaller:profileinstaller:1.3.0] AndroidManifest.xml:31:17-49
161        </provider>
162
163        <activity
163-->[com.google.android.gms:play-services-base:18.1.0] AndroidManifest.xml:20:9-22:45
164            android:name="com.google.android.gms.common.api.GoogleApiActivity"
164-->[com.google.android.gms:play-services-base:18.1.0] AndroidManifest.xml:20:19-85
165            android:exported="false"
165-->[com.google.android.gms:play-services-base:18.1.0] AndroidManifest.xml:22:19-43
166            android:theme="@android:style/Theme.Translucent.NoTitleBar" />
166-->[com.google.android.gms:play-services-base:18.1.0] AndroidManifest.xml:21:19-78
167
168        <receiver
168-->[com.google.android.gms:play-services-measurement:21.5.0] AndroidManifest.xml:29:9-33:20
169            android:name="com.google.android.gms.measurement.AppMeasurementReceiver"
169-->[com.google.android.gms:play-services-measurement:21.5.0] AndroidManifest.xml:30:13-85
170            android:enabled="true"
170-->[com.google.android.gms:play-services-measurement:21.5.0] AndroidManifest.xml:31:13-35
171            android:exported="false" >
171-->[com.google.android.gms:play-services-measurement:21.5.0] AndroidManifest.xml:32:13-37
172        </receiver>
173
174        <service
174-->[com.google.android.gms:play-services-measurement:21.5.0] AndroidManifest.xml:35:9-38:40
175            android:name="com.google.android.gms.measurement.AppMeasurementService"
175-->[com.google.android.gms:play-services-measurement:21.5.0] AndroidManifest.xml:36:13-84
176            android:enabled="true"
176-->[com.google.android.gms:play-services-measurement:21.5.0] AndroidManifest.xml:37:13-35
177            android:exported="false" />
177-->[com.google.android.gms:play-services-measurement:21.5.0] AndroidManifest.xml:38:13-37
178        <service
178-->[com.google.android.gms:play-services-measurement:21.5.0] AndroidManifest.xml:39:9-43:72
179            android:name="com.google.android.gms.measurement.AppMeasurementJobService"
179-->[com.google.android.gms:play-services-measurement:21.5.0] AndroidManifest.xml:40:13-87
180            android:enabled="true"
180-->[com.google.android.gms:play-services-measurement:21.5.0] AndroidManifest.xml:41:13-35
181            android:exported="false"
181-->[com.google.android.gms:play-services-measurement:21.5.0] AndroidManifest.xml:42:13-37
182            android:permission="android.permission.BIND_JOB_SERVICE" />
182-->[com.google.android.gms:play-services-measurement:21.5.0] AndroidManifest.xml:43:13-69
183
184        <uses-library
184-->[androidx.privacysandbox.ads:ads-adservices:1.0.0-beta05] AndroidManifest.xml:23:9-25:40
185            android:name="android.ext.adservices"
185-->[androidx.privacysandbox.ads:ads-adservices:1.0.0-beta05] AndroidManifest.xml:24:13-50
186            android:required="false" />
186-->[androidx.privacysandbox.ads:ads-adservices:1.0.0-beta05] AndroidManifest.xml:25:13-37
187
188        <meta-data
188-->[com.google.android.gms:play-services-basement:18.1.0] AndroidManifest.xml:21:9-23:69
189            android:name="com.google.android.gms.version"
189-->[com.google.android.gms:play-services-basement:18.1.0] AndroidManifest.xml:22:13-58
190            android:value="@integer/google_play_services_version" />
190-->[com.google.android.gms:play-services-basement:18.1.0] AndroidManifest.xml:23:13-66
191
192        <receiver
192-->[androidx.profileinstaller:profileinstaller:1.3.0] AndroidManifest.xml:34:9-52:20
193            android:name="androidx.profileinstaller.ProfileInstallReceiver"
193-->[androidx.profileinstaller:profileinstaller:1.3.0] AndroidManifest.xml:35:13-76
194            android:directBootAware="false"
194-->[androidx.profileinstaller:profileinstaller:1.3.0] AndroidManifest.xml:36:13-44
195            android:enabled="true"
195-->[androidx.profileinstaller:profileinstaller:1.3.0] AndroidManifest.xml:37:13-35
196            android:exported="true"
196-->[androidx.profileinstaller:profileinstaller:1.3.0] AndroidManifest.xml:38:13-36
197            android:permission="android.permission.DUMP" >
197-->[androidx.profileinstaller:profileinstaller:1.3.0] AndroidManifest.xml:39:13-57
198            <intent-filter>
198-->[androidx.profileinstaller:profileinstaller:1.3.0] AndroidManifest.xml:40:13-42:29
199                <action android:name="androidx.profileinstaller.action.INSTALL_PROFILE" />
199-->[androidx.profileinstaller:profileinstaller:1.3.0] AndroidManifest.xml:41:17-91
199-->[androidx.profileinstaller:profileinstaller:1.3.0] AndroidManifest.xml:41:25-88
200            </intent-filter>
201            <intent-filter>
201-->[androidx.profileinstaller:profileinstaller:1.3.0] AndroidManifest.xml:43:13-45:29
202                <action android:name="androidx.profileinstaller.action.SKIP_FILE" />
202-->[androidx.profileinstaller:profileinstaller:1.3.0] AndroidManifest.xml:44:17-85
202-->[androidx.profileinstaller:profileinstaller:1.3.0] AndroidManifest.xml:44:25-82
203            </intent-filter>
204            <intent-filter>
204-->[androidx.profileinstaller:profileinstaller:1.3.0] AndroidManifest.xml:46:13-48:29
205                <action android:name="androidx.profileinstaller.action.SAVE_PROFILE" />
205-->[androidx.profileinstaller:profileinstaller:1.3.0] AndroidManifest.xml:47:17-88
205-->[androidx.profileinstaller:profileinstaller:1.3.0] AndroidManifest.xml:47:25-85
206            </intent-filter>
207            <intent-filter>
207-->[androidx.profileinstaller:profileinstaller:1.3.0] AndroidManifest.xml:49:13-51:29
208                <action android:name="androidx.profileinstaller.action.BENCHMARK_OPERATION" />
208-->[androidx.profileinstaller:profileinstaller:1.3.0] AndroidManifest.xml:50:17-95
208-->[androidx.profileinstaller:profileinstaller:1.3.0] AndroidManifest.xml:50:25-92
209            </intent-filter>
210        </receiver>
211    </application>
212
213</manifest>